        -:    0:Source:TestVoting.c++
        -:    0:Graph:TestVoting.gcno
        -:    0:Data:TestVoting.gcda
        -:    0:Runs:1
        -:    0:Programs:1
        -:    1:#include <iostream>
        -:    2:#include <sstream>
        -:    3:#include <string>
        -:    4:#include <utility>
        -:    5:
        -:    6:#include "gtest/gtest.h"
        -:    7:
        -:    8:#include "Voting.h"
        -:    9:
        -:   10:// ---
        -:   11:// read_args
        -:   12:// ---
        -:   13:
function _ZN23Voting_read_args_1_TestD0Ev called 1 returned 100% blocks executed 100%
function _ZN23Voting_read_args_1_TestD2Ev called 1 returned 100% blocks executed 75%
function _ZN23Voting_read_args_1_Test8TestBodyEv called 1 returned 100% blocks executed 47%
function _ZN23Voting_read_args_1_TestC2Ev called 1 returned 100% blocks executed 100%
        5:   14:TEST(Voting, read_args_1){
call    0 returned 100%
call    1 returned 100%
call    2 returned 100%
call    3 returned 100%
call    4 returned 100%
call    5 returned 100%
call    6 returned 100%
branch  7 taken 0% (fallthrough)
branch  8 taken 100%
call    9 never executed
call   10 returned 100%
        1:   15:  std::istringstream r("1\n\n2\nChad\nAndrew Vohl\n1 2\n2 1\n2 1");
call    0 returned 100%
call    1 returned 100%
branch  2 taken 100% (fallthrough)
branch  3 taken 0% (throw)
call    4 returned 100%
branch  5 taken 100% (fallthrough)
branch  6 taken 0% (throw)
call    7 returned 100%
call    8 returned 100%
call    9 never executed
        -:   16:  int v;
        1:   17:  voting_read_args(r, v);
call    0 returned 100%
branch  1 taken 100% (fallthrough)
branch  2 taken 0% (throw)
        1:   18:  ASSERT_EQ(1, v);}
call    0 returned 100%
branch  1 taken 100% (fallthrough)
branch  2 taken 0% (throw)
call    3 returned 100%
branch  4 taken 0% (fallthrough)
branch  5 taken 100%
call    6 never executed
branch  7 never executed
branch  8 never executed
call    9 never executed
branch 10 never executed
branch 11 never executed
call   12 never executed
branch 13 never executed
branch 14 never executed
call   15 never executed
branch 16 never executed
branch 17 never executed
call   18 never executed
call   19 never executed
call   20 returned 100%
branch 21 taken 100%
branch 22 taken 0%
call   23 returned 100%
branch 24 taken 100%
branch 25 taken 0%
call   26 never executed
call   27 never executed
call   28 never executed
call   29 never executed
call   30 never executed
        -:   19:
function _ZN23Voting_read_args_2_TestD0Ev called 1 returned 100% blocks executed 100%
function _ZN23Voting_read_args_2_TestD2Ev called 1 returned 100% blocks executed 75%
function _ZN23Voting_read_args_2_Test8TestBodyEv called 1 returned 100% blocks executed 47%
function _ZN23Voting_read_args_2_TestC2Ev called 1 returned 100% blocks executed 100%
        5:   20:TEST(Voting, read_args_2){
call    0 returned 100%
call    1 returned 100%
call    2 returned 100%
call    3 returned 100%
call    4 returned 100%
call    5 returned 100%
call    6 returned 100%
branch  7 taken 0% (fallthrough)
branch  8 taken 100%
call    9 never executed
call   10 returned 100%
        1:   21:  std::istringstream r("2\nIt dont matter what my name is");
call    0 returned 100%
call    1 returned 100%
branch  2 taken 100% (fallthrough)
branch  3 taken 0% (throw)
call    4 returned 100%
branch  5 taken 100% (fallthrough)
branch  6 taken 0% (throw)
call    7 returned 100%
call    8 returned 100%
call    9 never executed
        -:   22:  int v;
        1:   23:  voting_read_args(r, v);
call    0 returned 100%
branch  1 taken 100% (fallthrough)
branch  2 taken 0% (throw)
        1:   24:  ASSERT_EQ(2, v);}
call    0 returned 100%
branch  1 taken 100% (fallthrough)
branch  2 taken 0% (throw)
call    3 returned 100%
branch  4 taken 0% (fallthrough)
branch  5 taken 100%
call    6 never executed
branch  7 never executed
branch  8 never executed
call    9 never executed
branch 10 never executed
branch 11 never executed
call   12 never executed
branch 13 never executed
branch 14 never executed
call   15 never executed
branch 16 never executed
branch 17 never executed
call   18 never executed
call   19 never executed
call   20 returned 100%
branch 21 taken 100%
branch 22 taken 0%
call   23 returned 100%
branch 24 taken 100%
branch 25 taken 0%
call   26 never executed
call   27 never executed
call   28 never executed
call   29 never executed
call   30 never executed
        -:   25:
function _ZN23Voting_read_args_3_TestD0Ev called 1 returned 100% blocks executed 100%
function _ZN23Voting_read_args_3_TestD2Ev called 1 returned 100% blocks executed 75%
function _ZN23Voting_read_args_3_Test8TestBodyEv called 1 returned 100% blocks executed 47%
function _ZN23Voting_read_args_3_TestC2Ev called 1 returned 100% blocks executed 100%
        5:   26:TEST(Voting, read_args_3){
call    0 returned 100%
call    1 returned 100%
call    2 returned 100%
call    3 returned 100%
call    4 returned 100%
call    5 returned 100%
call    6 returned 100%
branch  7 taken 0% (fallthrough)
branch  8 taken 100%
call    9 never executed
call   10 returned 100%
        1:   27:  std::istringstream r("50000000\nI guess Im testing for nothing read");
call    0 returned 100%
call    1 returned 100%
branch  2 taken 100% (fallthrough)
branch  3 taken 0% (throw)
call    4 returned 100%
branch  5 taken 100% (fallthrough)
branch  6 taken 0% (throw)
call    7 returned 100%
call    8 returned 100%
call    9 never executed
        -:   28:  int v;
        1:   29:  voting_read_args(r, v);
call    0 returned 100%
branch  1 taken 100% (fallthrough)
branch  2 taken 0% (throw)
        1:   30:  ASSERT_EQ(50000000, v);}
call    0 returned 100%
branch  1 taken 100% (fallthrough)
branch  2 taken 0% (throw)
call    3 returned 100%
branch  4 taken 0% (fallthrough)
branch  5 taken 100%
call    6 never executed
branch  7 never executed
branch  8 never executed
call    9 never executed
branch 10 never executed
branch 11 never executed
call   12 never executed
branch 13 never executed
branch 14 never executed
call   15 never executed
branch 16 never executed
branch 17 never executed
call   18 never executed
call   19 never executed
call   20 returned 100%
branch 21 taken 100%
branch 22 taken 0%
call   23 returned 100%
branch 24 taken 100%
branch 25 taken 0%
call   26 never executed
call   27 never executed
call   28 never executed
call   29 never executed
call   30 never executed
        -:   31:
        -:   32:// ---
        -:   33:// read_cand
        -:   34:// ---
        -:   35:
function _ZN23Voting_read_cand_1_TestD0Ev called 1 returned 100% blocks executed 100%
function _ZN23Voting_read_cand_1_TestD2Ev called 1 returned 100% blocks executed 75%
function _ZN23Voting_read_cand_1_Test8TestBodyEv called 1 returned 100% blocks executed 47%
function _ZN23Voting_read_cand_1_TestC2Ev called 1 returned 100% blocks executed 100%
        5:   36:TEST(Voting, read_cand_1){
call    0 returned 100%
call    1 returned 100%
call    2 returned 100%
call    3 returned 100%
call    4 returned 100%
call    5 returned 100%
call    6 returned 100%
branch  7 taken 0% (fallthrough)
branch  8 taken 100%
call    9 never executed
call   10 returned 100%
        1:   37:  std::istringstream r("3\nChad\nAndrew\nGabe");
call    0 returned 100%
call    1 returned 100%
branch  2 taken 100% (fallthrough)
branch  3 taken 0% (throw)
call    4 returned 100%
branch  5 taken 100% (fallthrough)
branch  6 taken 0% (throw)
call    7 returned 100%
call    8 returned 100%
call    9 never executed
        -:   38:  int v;
        1:   39:  voting_read_cand(r, v);
call    0 returned 100%
branch  1 taken 100% (fallthrough)
branch  2 taken 0% (throw)
        1:   40:  ASSERT_EQ(3, v);}
call    0 returned 100%
branch  1 taken 100% (fallthrough)
branch  2 taken 0% (throw)
call    3 returned 100%
branch  4 taken 0% (fallthrough)
branch  5 taken 100%
call    6 never executed
branch  7 never executed
branch  8 never executed
call    9 never executed
branch 10 never executed
branch 11 never executed
call   12 never executed
branch 13 never executed
branch 14 never executed
call   15 never executed
branch 16 never executed
branch 17 never executed
call   18 never executed
call   19 never executed
call   20 returned 100%
branch 21 taken 100%
branch 22 taken 0%
call   23 returned 100%
branch 24 taken 100%
branch 25 taken 0%
call   26 never executed
call   27 never executed
call   28 never executed
call   29 never executed
call   30 never executed
        -:   41:
function _ZN23Voting_read_cand_2_TestD0Ev called 1 returned 100% blocks executed 100%
function _ZN23Voting_read_cand_2_TestD2Ev called 1 returned 100% blocks executed 75%
function _ZN23Voting_read_cand_2_Test8TestBodyEv called 1 returned 100% blocks executed 47%
function _ZN23Voting_read_cand_2_TestC2Ev called 1 returned 100% blocks executed 100%
        5:   42:TEST(Voting, read_cand_2){
call    0 returned 100%
call    1 returned 100%
call    2 returned 100%
call    3 returned 100%
call    4 returned 100%
call    5 returned 100%
call    6 returned 100%
branch  7 taken 0% (fallthrough)
branch  8 taken 100%
call    9 never executed
call   10 returned 100%
        1:   43:  std::istringstream r("6\nWhat\nYou\nWant\nGi\nnga\n?");
call    0 returned 100%
call    1 returned 100%
branch  2 taken 100% (fallthrough)
branch  3 taken 0% (throw)
call    4 returned 100%
branch  5 taken 100% (fallthrough)
branch  6 taken 0% (throw)
call    7 returned 100%
call    8 returned 100%
call    9 never executed
        -:   44:  int v;
        1:   45:  voting_read_cand(r, v);
call    0 returned 100%
branch  1 taken 100% (fallthrough)
branch  2 taken 0% (throw)
        1:   46:  ASSERT_EQ(6, v);}
call    0 returned 100%
branch  1 taken 100% (fallthrough)
branch  2 taken 0% (throw)
call    3 returned 100%
branch  4 taken 0% (fallthrough)
branch  5 taken 100%
call    6 never executed
branch  7 never executed
branch  8 never executed
call    9 never executed
branch 10 never executed
branch 11 never executed
call   12 never executed
branch 13 never executed
branch 14 never executed
call   15 never executed
branch 16 never executed
branch 17 never executed
call   18 never executed
call   19 never executed
call   20 returned 100%
branch 21 taken 100%
branch 22 taken 0%
call   23 returned 100%
branch 24 taken 100%
branch 25 taken 0%
call   26 never executed
call   27 never executed
call   28 never executed
call   29 never executed
call   30 never executed
        -:   47:
function _ZN23Voting_read_cand_3_TestD0Ev called 1 returned 100% blocks executed 100%
function _ZN23Voting_read_cand_3_TestD2Ev called 1 returned 100% blocks executed 75%
function _ZN23Voting_read_cand_3_Test8TestBodyEv called 1 returned 100% blocks executed 47%
function _ZN23Voting_read_cand_3_TestC2Ev called 1 returned 100% blocks executed 100%
        5:   48:TEST(Voting, read_cand_3){
call    0 returned 100%
call    1 returned 100%
call    2 returned 100%
call    3 returned 100%
call    4 returned 100%
call    5 returned 100%
call    6 returned 100%
branch  7 taken 0% (fallthrough)
branch  8 taken 100%
call    9 never executed
call   10 returned 100%
        1:   49:  std::istringstream r("1\nOnly one my bro");
call    0 returned 100%
call    1 returned 100%
branch  2 taken 100% (fallthrough)
branch  3 taken 0% (throw)
call    4 returned 100%
branch  5 taken 100% (fallthrough)
branch  6 taken 0% (throw)
call    7 returned 100%
call    8 returned 100%
call    9 never executed
        -:   50:  int v;
        1:   51:  voting_read_cand(r, v);
call    0 returned 100%
branch  1 taken 100% (fallthrough)
branch  2 taken 0% (throw)
        1:   52:  ASSERT_EQ(1, v);}
call    0 returned 100%
branch  1 taken 100% (fallthrough)
branch  2 taken 0% (throw)
call    3 returned 100%
branch  4 taken 0% (fallthrough)
branch  5 taken 100%
call    6 never executed
branch  7 never executed
branch  8 never executed
call    9 never executed
branch 10 never executed
branch 11 never executed
call   12 never executed
branch 13 never executed
branch 14 never executed
call   15 never executed
branch 16 never executed
branch 17 never executed
call   18 never executed
call   19 never executed
call   20 returned 100%
branch 21 taken 100%
branch 22 taken 0%
call   23 returned 100%
branch 24 taken 100%
branch 25 taken 0%
call   26 never executed
call   27 never executed
call   28 never executed
call   29 never executed
call   30 never executed
        -:   53:
        -:   54:// ---
        -:   55:// read_ballot
        -:   56:// ---
        -:   57:
function _ZN25Voting_read_ballot_1_TestD0Ev called 1 returned 100% blocks executed 100%
function _ZN25Voting_read_ballot_1_TestD2Ev called 1 returned 100% blocks executed 75%
function _ZN25Voting_read_ballot_1_Test8TestBodyEv called 1 returned 100% blocks executed 47%
function _ZN25Voting_read_ballot_1_TestC2Ev called 1 returned 100% blocks executed 100%
        5:   58:TEST(Voting, read_ballot_1){
call    0 returned 100%
call    1 returned 100%
call    2 returned 100%
call    3 returned 100%
call    4 returned 100%
call    5 returned 100%
call    6 returned 100%
branch  7 taken 0% (fallthrough)
branch  8 taken 100%
call    9 never executed
call   10 returned 100%
        1:   59:  std::istringstream r("1 2 3\n2 1 3\n2 3 1");
call    0 returned 100%
call    1 returned 100%
branch  2 taken 100% (fallthrough)
branch  3 taken 0% (throw)
call    4 returned 100%
branch  5 taken 100% (fallthrough)
branch  6 taken 0% (throw)
call    7 returned 100%
call    8 returned 100%
call    9 never executed
        1:   60:  bool v = voting_read_ballot(r);
call    0 returned 100%
branch  1 taken 100% (fallthrough)
branch  2 taken 0% (throw)
        1:   61:  ASSERT_EQ(1, v);}
call    0 returned 100%
branch  1 taken 100% (fallthrough)
branch  2 taken 0% (throw)
call    3 returned 100%
branch  4 taken 0% (fallthrough)
branch  5 taken 100%
call    6 never executed
branch  7 never executed
branch  8 never executed
call    9 never executed
branch 10 never executed
branch 11 never executed
call   12 never executed
branch 13 never executed
branch 14 never executed
call   15 never executed
branch 16 never executed
branch 17 never executed
call   18 never executed
call   19 never executed
call   20 returned 100%
branch 21 taken 100%
branch 22 taken 0%
call   23 returned 100%
branch 24 taken 100%
branch 25 taken 0%
call   26 never executed
call   27 never executed
call   28 never executed
call   29 never executed
call   30 never executed
        -:   62:
function _ZN25Voting_read_ballot_2_TestD0Ev called 1 returned 100% blocks executed 100%
function _ZN25Voting_read_ballot_2_TestD2Ev called 1 returned 100% blocks executed 75%
function _ZN25Voting_read_ballot_2_Test8TestBodyEv called 1 returned 100% blocks executed 47%
function _ZN25Voting_read_ballot_2_TestC2Ev called 1 returned 100% blocks executed 100%
        5:   63:TEST(Voting, read_ballot_2){
call    0 returned 100%
call    1 returned 100%
call    2 returned 100%
call    3 returned 100%
call    4 returned 100%
call    5 returned 100%
call    6 returned 100%
branch  7 taken 0% (fallthrough)
branch  8 taken 100%
call    9 never executed
call   10 returned 100%
        1:   64:  std::istringstream r("1");
call    0 returned 100%
call    1 returned 100%
branch  2 taken 100% (fallthrough)
branch  3 taken 0% (throw)
call    4 returned 100%
branch  5 taken 100% (fallthrough)
branch  6 taken 0% (throw)
call    7 returned 100%
call    8 returned 100%
call    9 never executed
        1:   65:  bool v = voting_read_ballot(r);
call    0 returned 100%
branch  1 taken 100% (fallthrough)
branch  2 taken 0% (throw)
        1:   66:  ASSERT_EQ(1, v);}
call    0 returned 100%
branch  1 taken 100% (fallthrough)
branch  2 taken 0% (throw)
call    3 returned 100%
branch  4 taken 0% (fallthrough)
branch  5 taken 100%
call    6 never executed
branch  7 never executed
branch  8 never executed
call    9 never executed
branch 10 never executed
branch 11 never executed
call   12 never executed
branch 13 never executed
branch 14 never executed
call   15 never executed
branch 16 never executed
branch 17 never executed
call   18 never executed
call   19 never executed
call   20 returned 100%
branch 21 taken 100%
branch 22 taken 0%
call   23 returned 100%
branch 24 taken 100%
branch 25 taken 0%
call   26 never executed
call   27 never executed
call   28 never executed
call   29 never executed
call   30 never executed
        -:   67:
function _ZN25Voting_read_ballot_3_TestD0Ev called 1 returned 100% blocks executed 100%
function _ZN25Voting_read_ballot_3_TestD2Ev called 1 returned 100% blocks executed 75%
function _ZN25Voting_read_ballot_3_Test8TestBodyEv called 1 returned 100% blocks executed 47%
function _ZN25Voting_read_ballot_3_TestC2Ev called 1 returned 100% blocks executed 100%
        5:   68:TEST(Voting, read_ballot_3){
call    0 returned 100%
call    1 returned 100%
call    2 returned 100%
call    3 returned 100%
call    4 returned 100%
call    5 returned 100%
call    6 returned 100%
branch  7 taken 0% (fallthrough)
branch  8 taken 100%
call    9 never executed
call   10 returned 100%
        1:   69:  std::istringstream r("");
call    0 returned 100%
call    1 returned 100%
branch  2 taken 100% (fallthrough)
branch  3 taken 0% (throw)
call    4 returned 100%
branch  5 taken 100% (fallthrough)
branch  6 taken 0% (throw)
call    7 returned 100%
call    8 returned 100%
call    9 never executed
        1:   70:  bool v = voting_read_ballot(r);
call    0 returned 100%
branch  1 taken 100% (fallthrough)
branch  2 taken 0% (throw)
        1:   71:  ASSERT_EQ(0, v);}
call    0 returned 100%
branch  1 taken 100% (fallthrough)
branch  2 taken 0% (throw)
call    3 returned 100%
branch  4 taken 0% (fallthrough)
branch  5 taken 100%
call    6 never executed
branch  7 never executed
branch  8 never executed
call    9 never executed
branch 10 never executed
branch 11 never executed
call   12 never executed
branch 13 never executed
branch 14 never executed
call   15 never executed
branch 16 never executed
branch 17 never executed
call   18 never executed
call   19 never executed
call   20 returned 100%
branch 21 taken 100%
branch 22 taken 0%
call   23 returned 100%
branch 24 taken 100%
branch 25 taken 0%
call   26 never executed
call   27 never executed
call   28 never executed
call   29 never executed
call   30 never executed
        -:   72:
        -:   73:// ---
        -:   74:// eval
        -:   75:// ---
        -:   76:
function _ZN18Voting_eval_1_TestD0Ev called 1 returned 100% blocks executed 100%
function _ZN18Voting_eval_1_TestD2Ev called 1 returned 100% blocks executed 75%
function _ZN18Voting_eval_1_Test8TestBodyEv called 1 returned 100% blocks executed 53%
function _ZN18Voting_eval_1_TestC2Ev called 1 returned 100% blocks executed 100%
        5:   77:TEST(Voting, eval_1){
call    0 returned 100%
call    1 returned 100%
call    2 returned 100%
call    3 returned 100%
call    4 returned 100%
call    5 returned 100%
call    6 returned 100%
branch  7 taken 0% (fallthrough)
branch  8 taken 100%
call    9 never executed
call   10 returned 100%
        1:   78:  std::istringstream r("1\n\n2\nChad\nAndrew");
call    0 returned 100%
call    1 returned 100%
branch  2 taken 100% (fallthrough)
branch  3 taken 0% (throw)
call    4 returned 100%
branch  5 taken 100% (fallthrough)
branch  6 taken 0% (throw)
call    7 returned 100%
call    8 returned 100%
call    9 never executed
        -:   79:  int v;
        -:   80:  int j;
        1:   81:  int votes = 0;
        1:   82:  voting_read_args(r, v);
call    0 returned 100%
branch  1 taken 100% (fallthrough)
branch  2 taken 0% (throw)
        1:   83:  voting_read_cand(r, j);
call    0 returned 100%
branch  1 taken 100% (fallthrough)
branch  2 taken 0% (throw)
        2:   84:  while(voting_read_ballot(r)){
call    0 returned 100%
branch  1 taken 100% (fallthrough)
branch  2 taken 0% (throw)
branch  3 taken 0%
branch  4 taken 100% (fallthrough)
    #####:   85:    ++votes;}
        2:   86:  std::string s = voting_eval(votes, j);
call    0 returned 100%
branch  1 taken 100% (fallthrough)
branch  2 taken 0% (throw)
call    3 returned 100%
branch  4 taken 100%
branch  5 taken 0%
call    6 never executed
        2:   87:  ASSERT_EQ("Chad\nAndrew\n", s);}
call    0 returned 100%
branch  1 taken 100% (fallthrough)
branch  2 taken 0% (throw)
call    3 returned 100%
branch  4 taken 0% (fallthrough)
branch  5 taken 100%
call    6 never executed
branch  7 never executed
branch  8 never executed
call    9 never executed
branch 10 never executed
branch 11 never executed
call   12 never executed
branch 13 never executed
branch 14 never executed
call   15 never executed
branch 16 never executed
branch 17 never executed
call   18 never executed
call   19 never executed
call   20 returned 100%
branch 21 taken 100%
branch 22 taken 0%
call   23 returned 100%
branch 24 taken 100%
branch 25 taken 0%
call   26 never executed
call   27 never executed
call   28 never executed
call   29 never executed
call   30 never executed
        -:   88:
function _ZN18Voting_eval_2_TestD0Ev called 1 returned 100% blocks executed 100%
function _ZN18Voting_eval_2_TestD2Ev called 1 returned 100% blocks executed 75%
function _ZN18Voting_eval_2_Test8TestBodyEv called 1 returned 100% blocks executed 53%
function _ZN18Voting_eval_2_TestC2Ev called 1 returned 100% blocks executed 100%
        5:   89:TEST(Voting, eval_2){
call    0 returned 100%
call    1 returned 100%
call    2 returned 100%
call    3 returned 100%
call    4 returned 100%
call    5 returned 100%
call    6 returned 100%
branch  7 taken 0% (fallthrough)
branch  8 taken 100%
call    9 never executed
call   10 returned 100%
        1:   90:  std::istringstream r("1\n\n1\nAndrew");
call    0 returned 100%
call    1 returned 100%
branch  2 taken 100% (fallthrough)
branch  3 taken 0% (throw)
call    4 returned 100%
branch  5 taken 100% (fallthrough)
branch  6 taken 0% (throw)
call    7 returned 100%
call    8 returned 100%
call    9 never executed
        -:   91:  int v;
        -:   92:  int j;
        1:   93:  int votes = 0;
        1:   94:  voting_read_args(r, v);
call    0 returned 100%
branch  1 taken 100% (fallthrough)
branch  2 taken 0% (throw)
        1:   95:  voting_read_cand(r, j);
call    0 returned 100%
branch  1 taken 100% (fallthrough)
branch  2 taken 0% (throw)
        2:   96:  while(voting_read_ballot(r)){
call    0 returned 100%
branch  1 taken 100% (fallthrough)
branch  2 taken 0% (throw)
branch  3 taken 0%
branch  4 taken 100% (fallthrough)
    #####:   97:    ++votes;}
        2:   98:  std::string s = voting_eval(votes, j);
call    0 returned 100%
branch  1 taken 100% (fallthrough)
branch  2 taken 0% (throw)
call    3 returned 100%
branch  4 taken 100%
branch  5 taken 0%
call    6 never executed
        2:   99:  ASSERT_EQ("Andrew\n", s);}
call    0 returned 100%
branch  1 taken 100% (fallthrough)
branch  2 taken 0% (throw)
call    3 returned 100%
branch  4 taken 0% (fallthrough)
branch  5 taken 100%
call    6 never executed
branch  7 never executed
branch  8 never executed
call    9 never executed
branch 10 never executed
branch 11 never executed
call   12 never executed
branch 13 never executed
branch 14 never executed
call   15 never executed
branch 16 never executed
branch 17 never executed
call   18 never executed
call   19 never executed
call   20 returned 100%
branch 21 taken 100%
branch 22 taken 0%
call   23 returned 100%
branch 24 taken 100%
branch 25 taken 0%
call   26 never executed
call   27 never executed
call   28 never executed
call   29 never executed
call   30 never executed
        -:  100:
function _ZN18Voting_eval_3_TestD0Ev called 1 returned 100% blocks executed 100%
function _ZN18Voting_eval_3_TestD2Ev called 1 returned 100% blocks executed 75%
function _ZN18Voting_eval_3_Test8TestBodyEv called 1 returned 100% blocks executed 55%
function _ZN18Voting_eval_3_TestC2Ev called 1 returned 100% blocks executed 100%
        5:  101:TEST(Voting, eval_3){
call    0 returned 100%
call    1 returned 100%
call    2 returned 100%
call    3 returned 100%
call    4 returned 100%
call    5 returned 100%
call    6 returned 100%
branch  7 taken 0% (fallthrough)
branch  8 taken 100%
call    9 never executed
call   10 returned 100%
        1:  102:  std::istringstream r("1\n\n3\nA\nB\nC\n1 2 3\n2 1 3\n3 2 1");
call    0 returned 100%
call    1 returned 100%
branch  2 taken 100% (fallthrough)
branch  3 taken 0% (throw)
call    4 returned 100%
branch  5 taken 100% (fallthrough)
branch  6 taken 0% (throw)
call    7 returned 100%
call    8 returned 100%
call    9 never executed
        -:  103:  int v;
        -:  104:  int j;
        1:  105:  int votes = 0;
        1:  106:  voting_read_args(r, v);
call    0 returned 100%
branch  1 taken 100% (fallthrough)
branch  2 taken 0% (throw)
        1:  107:  voting_read_cand(r, j);
call    0 returned 100%
branch  1 taken 100% (fallthrough)
branch  2 taken 0% (throw)
        5:  108:  while(voting_read_ballot(r)){
call    0 returned 100%
branch  1 taken 100% (fallthrough)
branch  2 taken 0% (throw)
branch  3 taken 75%
branch  4 taken 25% (fallthrough)
        3:  109:    ++votes;}
        2:  110:  std::string s = voting_eval(votes, j);
call    0 returned 100%
branch  1 taken 100% (fallthrough)
branch  2 taken 0% (throw)
call    3 returned 100%
branch  4 taken 100%
branch  5 taken 0%
call    6 never executed
        2:  111:  ASSERT_EQ("A\n", s);}
call    0 returned 100%
branch  1 taken 100% (fallthrough)
branch  2 taken 0% (throw)
call    3 returned 100%
branch  4 taken 0% (fallthrough)
branch  5 taken 100%
call    6 never executed
branch  7 never executed
branch  8 never executed
call    9 never executed
branch 10 never executed
branch 11 never executed
call   12 never executed
branch 13 never executed
branch 14 never executed
call   15 never executed
branch 16 never executed
branch 17 never executed
call   18 never executed
call   19 never executed
call   20 returned 100%
branch 21 taken 100%
branch 22 taken 0%
call   23 returned 100%
branch 24 taken 100%
branch 25 taken 0%
call   26 never executed
call   27 never executed
call   28 never executed
call   29 never executed
call   30 never executed
        -:  112:
        -:  113:// ---
        -:  114:// solve
        -:  115:// ---
        -:  116:
function _ZN19Voting_solve_1_TestD0Ev called 1 returned 100% blocks executed 100%
function _ZN19Voting_solve_1_TestD2Ev called 1 returned 100% blocks executed 75%
function _ZN19Voting_solve_1_Test8TestBodyEv called 1 returned 100% blocks executed 50%
function _ZN19Voting_solve_1_TestC2Ev called 1 returned 100% blocks executed 100%
        5:  117:TEST(Voting, solve_1){
call    0 returned 100%
call    1 returned 100%
call    2 returned 100%
call    3 returned 100%
call    4 returned 100%
call    5 returned 100%
call    6 returned 100%
branch  7 taken 0% (fallthrough)
branch  8 taken 100%
call    9 never executed
call   10 returned 100%
        1:  118:  std::istringstream r("1\n\n2\nAndrew\nChad");
call    0 returned 100%
call    1 returned 100%
branch  2 taken 100% (fallthrough)
branch  3 taken 0% (throw)
call    4 returned 100%
branch  5 taken 100% (fallthrough)
branch  6 taken 0% (throw)
call    7 returned 100%
call    8 returned 100%
call    9 never executed
call   10 never executed
        2:  119:  std::ostringstream w;
call    0 returned 100%
branch  1 taken 100% (fallthrough)
branch  2 taken 0% (throw)
call    3 returned 100%
branch  4 taken 100%
branch  5 taken 0%
call    6 never executed
        1:  120:  voting_solve(r, w);
call    0 returned 100%
branch  1 taken 100% (fallthrough)
branch  2 taken 0% (throw)
        2:  121:  ASSERT_EQ("Andrew\nChad", w.str());}
call    0 returned 100%
branch  1 taken 100% (fallthrough)
branch  2 taken 0% (throw)
call    3 returned 100%
branch  4 taken 100% (fallthrough)
branch  5 taken 0% (throw)
call    6 returned 100%
call    7 returned 100%
branch  8 taken 0% (fallthrough)
branch  9 taken 100%
call   10 never executed
branch 11 never executed
branch 12 never executed
call   13 never executed
branch 14 never executed
branch 15 never executed
call   16 never executed
branch 17 never executed
branch 18 never executed
call   19 never executed
branch 20 never executed
branch 21 never executed
call   22 never executed
call   23 never executed
call   24 returned 100%
branch 25 taken 100%
branch 26 taken 0%
call   27 returned 100%
branch 28 taken 100%
branch 29 taken 0%
call   30 never executed
call   31 never executed
call   32 never executed
call   33 never executed
call   34 never executed
        -:  122:
function _ZN19Voting_solve_2_TestD0Ev called 1 returned 100% blocks executed 100%
function _ZN19Voting_solve_2_TestD2Ev called 1 returned 100% blocks executed 75%
function _ZN19Voting_solve_2_Test8TestBodyEv called 1 returned 100% blocks executed 50%
function _ZN19Voting_solve_2_TestC2Ev called 1 returned 100% blocks executed 100%
        5:  123:TEST(Voting, solve_2){
call    0 returned 100%
call    1 returned 100%
call    2 returned 100%
call    3 returned 100%
call    4 returned 100%
call    5 returned 100%
call    6 returned 100%
branch  7 taken 0% (fallthrough)
branch  8 taken 100%
call    9 never executed
call   10 returned 100%
        1:  124:  std::istringstream r("1\n\n3\nA\nB\nC\n1 2 3\n2 1 3\n3 2 1");
call    0 returned 100%
call    1 returned 100%
branch  2 taken 100% (fallthrough)
branch  3 taken 0% (throw)
call    4 returned 100%
branch  5 taken 100% (fallthrough)
branch  6 taken 0% (throw)
call    7 returned 100%
call    8 returned 100%
call    9 never executed
call   10 never executed
        2:  125:  std::ostringstream w;
call    0 returned 100%
branch  1 taken 100% (fallthrough)
branch  2 taken 0% (throw)
call    3 returned 100%
branch  4 taken 100%
branch  5 taken 0%
call    6 never executed
        1:  126:  voting_solve(r, w);
call    0 returned 100%
branch  1 taken 100% (fallthrough)
branch  2 taken 0% (throw)
        2:  127:  ASSERT_EQ("A\nB\nC", w.str());}
call    0 returned 100%
branch  1 taken 100% (fallthrough)
branch  2 taken 0% (throw)
call    3 returned 100%
branch  4 taken 100% (fallthrough)
branch  5 taken 0% (throw)
call    6 returned 100%
call    7 returned 100%
branch  8 taken 0% (fallthrough)
branch  9 taken 100%
call   10 never executed
branch 11 never executed
branch 12 never executed
call   13 never executed
branch 14 never executed
branch 15 never executed
call   16 never executed
branch 17 never executed
branch 18 never executed
call   19 never executed
branch 20 never executed
branch 21 never executed
call   22 never executed
call   23 never executed
call   24 returned 100%
branch 25 taken 100%
branch 26 taken 0%
call   27 returned 100%
branch 28 taken 100%
branch 29 taken 0%
call   30 never executed
call   31 never executed
call   32 never executed
call   33 never executed
call   34 never executed
        -:  128:
function _ZN19Voting_solve_3_TestD0Ev called 1 returned 100% blocks executed 100%
function _ZN19Voting_solve_3_TestD2Ev called 1 returned 100% blocks executed 75%
function _ZN19Voting_solve_3_Test8TestBodyEv called 1 returned 100% blocks executed 50%
function _ZN19Voting_solve_3_TestC2Ev called 1 returned 100% blocks executed 100%
        5:  129:TEST(Voting, solve_3){
call    0 returned 100%
call    1 returned 100%
call    2 returned 100%
call    3 returned 100%
call    4 returned 100%
call    5 returned 100%
call    6 returned 100%
branch  7 taken 0% (fallthrough)
branch  8 taken 100%
call    9 never executed
call   10 returned 100%
        1:  130:  std::istringstream r("1\n\n2\nAndrew\nChad\n1 2\n1 2\n1 2\n2 1");
call    0 returned 100%
call    1 returned 100%
branch  2 taken 100% (fallthrough)
branch  3 taken 0% (throw)
call    4 returned 100%
branch  5 taken 100% (fallthrough)
branch  6 taken 0% (throw)
call    7 returned 100%
call    8 returned 100%
call    9 never executed
call   10 never executed
        2:  131:  std::ostringstream w;
call    0 returned 100%
branch  1 taken 100% (fallthrough)
branch  2 taken 0% (throw)
call    3 returned 100%
branch  4 taken 100%
branch  5 taken 0%
call    6 never executed
        1:  132:  voting_solve(r, w);
call    0 returned 100%
branch  1 taken 100% (fallthrough)
branch  2 taken 0% (throw)
function _GLOBAL__sub_I__ZN23Voting_read_args_1_Test10test_info_E called 1 returned 100% blocks executed 100%
function _Z41__static_initialization_and_destruction_0ii called 1 returned 100% blocks executed 100%
        5:  133:  ASSERT_EQ("Andrew", w.str());}
call    0 returned 100%
branch  1 taken 100% (fallthrough)
branch  2 taken 0%
branch  3 taken 100% (fallthrough)
branch  4 taken 0%
call    5 returned 100%
branch  6 taken 100% (fallthrough)
branch  7 taken 0% (throw)
call    8 returned 100%
branch  9 taken 100% (fallthrough)
branch 10 taken 0% (throw)
call   11 returned 100%
call   12 returned 100%
branch 13 taken 0% (fallthrough)
branch 14 taken 100%
call   15 never executed
branch 16 never executed
branch 17 never executed
call   18 never executed
branch 19 never executed
branch 20 never executed
call   21 never executed
branch 22 never executed
branch 23 never executed
call   24 never executed
branch 25 never executed
branch 26 never executed
call   27 never executed
call   28 never executed
call   29 returned 100%
branch 30 taken 100%
branch 31 taken 0%
call   32 returned 100%
branch 33 taken 100%
branch 34 taken 0%
call   35 never executed
call   36 never executed
call   37 never executed
call   38 never executed
call   39 never executed
